#
# There is insufficient memory for the Java Runtime Environment to continue.
# Native memory allocation (malloc) failed to allocate 186896 bytes for Chunk::new
# Possible reasons:
#   The system is out of physical RAM or swap space
#   The process is running with CompressedOops enabled, and the Java Heap may be blocking the growth of the native heap
# Possible solutions:
#   Reduce memory load on the system
#   Increase physical memory or swap space
#   Check if swap backing store is full
#   Decrease Java heap size (-Xmx/-Xms)
#   Decrease number of Java threads
#   Decrease Java thread stack sizes (-Xss)
#   Set larger code cache with -XX:ReservedCodeCacheSize=
#   JVM is running with Unscaled Compressed Oops mode in which the Java heap is
#     placed in the first 4GB address space. The Java Heap base address is the
#     maximum limit for the native heap growth. Please use -XX:HeapBaseMinAddress
#     to set the Java Heap base and to place the Java Heap above 4GB virtual address.
# This output file may be truncated or incomplete.
#
#  Out of Memory Error (./src/hotspot/share/memory/arena.cpp:197), pid=11016, tid=5736
#
# JRE version: OpenJDK Runtime Environment (11.0.10) (build 11.0.10+0-b96-7249189)
# Java VM: OpenJDK 64-Bit Server VM (11.0.10+0-b96-7249189, mixed mode, tiered, compressed oops, g1 gc, windows-amd64)
# No core dump will be written. Minidumps are not enabled by default on client versions of Windows
#

---------------  S U M M A R Y ------------

Command Line: --add-opens=java.base/java.util=ALL-UNNAMED --add-opens=java.base/java.lang=ALL-UNNAMED --add-opens=java.base/java.lang.invoke=ALL-UNNAMED --add-opens=java.base/java.util=ALL-UNNAMED --add-opens=java.prefs/java.util.prefs=ALL-UNNAMED --add-opens=java.prefs/java.util.prefs=ALL-UNNAMED --add-opens=java.base/java.nio.charset=ALL-UNNAMED --add-opens=java.base/java.net=ALL-UNNAMED --add-opens=java.base/java.util.concurrent.atomic=ALL-UNNAMED -Xmx2048m -Dfile.encoding=UTF-8 -Duser.country=US -Duser.language=en -Duser.variant org.gradle.launcher.daemon.bootstrap.GradleDaemon 7.0.2

Host: AMD A9-9420 RADEON R5, 5 COMPUTE CORES 2C+3G   , 2 cores, 3G,  Windows 10 , 64 bit Build 18362 (10.0.18362.1500)
Time: Mon Oct 25 14:22:56 2021 SE Asia Standard Time elapsed time: 784.229543 seconds (0d 0h 13m 4s)

---------------  T H R E A D  ---------------

Current thread (0x000002037fb0f800):  JavaThread "C2 CompilerThread0" daemon [_thread_in_native, id=5736, stack(0x0000009c58300000,0x0000009c58400000)]


Current CompileTask:
C2: 784229 13930       4       com.android.tools.r8.graph.B0$b::a (62 bytes)

Stack: [0x0000009c58300000,0x0000009c58400000]
Native frames: (J=compiled Java code, j=interpreted, Vv=VM code, C=native code)
V  [jvm.dll+0x5ecfaa]
V  [jvm.dll+0x722bd5]
V  [jvm.dll+0x72412d]
V  [jvm.dll+0x7247e3]
V  [jvm.dll+0x242928]
V  [jvm.dll+0xbc4fc]
V  [jvm.dll+0xbca0c]
V  [jvm.dll+0x352d7d]
V  [jvm.dll+0x320ad3]
V  [jvm.dll+0x31ffca]
V  [jvm.dll+0x1fb602]
V  [jvm.dll+0x1fa7f4]
V  [jvm.dll+0x18354c]
V  [jvm.dll+0x208ee7]
V  [jvm.dll+0x207731]
V  [jvm.dll+0x6eb1cf]
V  [jvm.dll+0x6e3d45]
V  [jvm.dll+0x5ebe96]
C  [ucrtbase.dll+0x210b2]
C  [KERNEL32.DLL+0x17c24]
C  [ntdll.dll+0x6d721]


---------------  P R O C E S S  ---------------

Threads class SMR info:
_java_thread_list=0x0000020308edca80, length=52, elements={
0x0000020365afe000, 0x000002037f180000, 0x000002037f183800, 0x000002037fb00800,
0x000002037fb02800, 0x000002037fb05000, 0x000002037fb0f800, 0x000002037f1de000,
0x000002037f1e7800, 0x000002037fc45800, 0x0000020303856800, 0x00000203039ce800,
0x0000020302d25800, 0x0000020302b8c000, 0x0000020302f80000, 0x0000020302128000,
0x0000020302129000, 0x0000020303051800, 0x0000020302d28800, 0x0000020302d2c000,
0x0000020302d29800, 0x0000020302d2c800, 0x0000020302d2a000, 0x0000020302d2f000,
0x0000020302d2b000, 0x0000020302d2d800, 0x0000020302d2e800, 0x0000020304422000,
0x0000020304428800, 0x0000020304429000, 0x0000020304425000, 0x0000020304426000,
0x0000020304423800, 0x0000020304427800, 0x000002030442a000, 0x0000020304424000,
0x000002030442b800, 0x000002030442d000, 0x000002030442c800, 0x0000020304430800,
0x000002030442f800, 0x000002030442b000, 0x00000203066c0000, 0x00000203066bb800,
0x00000203066c1000, 0x00000203066c2000, 0x00000203066be800, 0x00000203066c2800,
0x00000203066bf800, 0x00000203066bd800, 0x00000203066bc000, 0x00000203066bd000
}

Java Threads: ( => current thread )
  0x0000020365afe000 JavaThread "main" [_thread_blocked, id=12724, stack(0x0000009c57700000,0x0000009c57800000)]
  0x000002037f180000 JavaThread "Reference Handler" daemon [_thread_blocked, id=10888, stack(0x0000009c57e00000,0x0000009c57f00000)]
  0x000002037f183800 JavaThread "Finalizer" daemon [_thread_blocked, id=5456, stack(0x0000009c57f00000,0x0000009c58000000)]
  0x000002037fb00800 JavaThread "Signal Dispatcher" daemon [_thread_blocked, id=11172, stack(0x0000009c58000000,0x0000009c58100000)]
  0x000002037fb02800 JavaThread "Attach Listener" daemon [_thread_blocked, id=472, stack(0x0000009c58100000,0x0000009c58200000)]
  0x000002037fb05000 JavaThread "Service Thread" daemon [_thread_blocked, id=8304, stack(0x0000009c58200000,0x0000009c58300000)]
=>0x000002037fb0f800 JavaThread "C2 CompilerThread0" daemon [_thread_in_native, id=5736, stack(0x0000009c58300000,0x0000009c58400000)]
  0x000002037f1de000 JavaThread "C1 CompilerThread0" daemon [_thread_blocked, id=7944, stack(0x0000009c58400000,0x0000009c58500000)]
  0x000002037f1e7800 JavaThread "Sweeper thread" daemon [_thread_blocked, id=10124, stack(0x0000009c58500000,0x0000009c58600000)]
  0x000002037fc45800 JavaThread "Common-Cleaner" daemon [_thread_blocked, id=5420, stack(0x0000009c58600000,0x0000009c58700000)]
  0x0000020303856800 JavaThread "Daemon health stats" [_thread_blocked, id=5572, stack(0x0000009c58900000,0x0000009c58a00000)]
  0x00000203039ce800 JavaThread "Incoming local TCP Connector on port 52166" [_thread_in_native, id=2548, stack(0x0000009c58a00000,0x0000009c58b00000)]
  0x0000020302d25800 JavaThread "Daemon periodic checks" [_thread_blocked, id=6404, stack(0x0000009c58b00000,0x0000009c58c00000)]
  0x0000020302b8c000 JavaThread "Daemon" [_thread_blocked, id=7252, stack(0x0000009c58c00000,0x0000009c58d00000)]
  0x0000020302f80000 JavaThread "Handler for socket connection from /127.0.0.1:52166 to /127.0.0.1:52167" [_thread_in_native, id=11708, stack(0x0000009c58d00000,0x0000009c58e00000)]
  0x0000020302128000 JavaThread "Cancel handler" [_thread_blocked, id=5408, stack(0x0000009c58e00000,0x0000009c58f00000)]
  0x0000020302129000 JavaThread "Daemon worker" [_thread_blocked, id=10392, stack(0x0000009c58f00000,0x0000009c59000000)]
  0x0000020303051800 JavaThread "Asynchronous log dispatcher for DefaultDaemonConnection: socket connection from /127.0.0.1:52166 to /127.0.0.1:52167" [_thread_blocked, id=3960, stack(0x0000009c59000000,0x0000009c59100000)]
  0x0000020302d28800 JavaThread "Daemon client event forwarder" [_thread_blocked, id=2628, stack(0x0000009c59200000,0x0000009c59300000)]
  0x0000020302d2c000 JavaThread "Cache worker for file hash cache (C:\Users\USER\.gradle\caches\7.0.2\fileHashes)" [_thread_blocked, id=4964, stack(0x0000009c59300000,0x0000009c59400000)]
  0x0000020302d29800 JavaThread "File lock request listener" [_thread_in_native, id=4632, stack(0x0000009c59400000,0x0000009c59500000)]
  0x0000020302d2c800 JavaThread "Cache worker for journal cache (C:\Users\USER\.gradle\caches\journal-1)" [_thread_blocked, id=12332, stack(0x0000009c59500000,0x0000009c59600000)]
  0x0000020302d2a000 JavaThread "Cache worker for file hash cache (C:\Users\USER\AndroidStudioProjects\Kel3\.gradle\7.0.2\fileHashes)" [_thread_blocked, id=8684, stack(0x0000009c59600000,0x0000009c59700000)]
  0x0000020302d2f000 JavaThread "File watcher server" daemon [_thread_in_native, id=6060, stack(0x0000009c59700000,0x0000009c59800000)]
  0x0000020302d2b000 JavaThread "File watcher consumer" daemon [_thread_blocked, id=4108, stack(0x0000009c59800000,0x0000009c59900000)]
  0x0000020302d2d800 JavaThread "Cache worker for checksums cache (C:\Users\USER\AndroidStudioProjects\Kel3\.gradle\checksums)" [_thread_blocked, id=11224, stack(0x0000009c59900000,0x0000009c59a00000)]
  0x0000020302d2e800 JavaThread "Cache worker for cache directory md-supplier (C:\Users\USER\.gradle\caches\7.0.2\md-supplier)" [_thread_blocked, id=8368, stack(0x0000009c59a00000,0x0000009c59b00000)]
  0x0000020304422000 JavaThread "Cache worker for cache directory md-rule (C:\Users\USER\.gradle\caches\7.0.2\md-rule)" [_thread_blocked, id=1264, stack(0x0000009c59b00000,0x0000009c59c00000)]
  0x0000020304428800 JavaThread "Cache worker for execution history cache (C:\Users\USER\.gradle\caches\7.0.2\executionHistory)" [_thread_blocked, id=10476, stack(0x0000009c59c00000,0x0000009c59d00000)]
  0x0000020304429000 JavaThread "jar transforms" [_thread_blocked, id=6844, stack(0x0000009c59d00000,0x0000009c59e00000)]
  0x0000020304425000 JavaThread "jar transforms Thread 2" [_thread_blocked, id=11756, stack(0x0000009c59e00000,0x0000009c59f00000)]
  0x0000020304426000 JavaThread "Cache worker for file content cache (C:\Users\USER\.gradle\caches\7.0.2\fileContent)" [_thread_blocked, id=2756, stack(0x0000009c59f00000,0x0000009c5a000000)]
  0x0000020304423800 JavaThread "Cache worker for dependencies-accessors (C:\Users\USER\AndroidStudioProjects\Kel3\.gradle\7.0.2\dependencies-accessors)" [_thread_blocked, id=3760, stack(0x0000009c5a000000,0x0000009c5a100000)]
  0x0000020304427800 JavaThread "Cache worker for Build Output Cleanup Cache (C:\Users\USER\AndroidStudioProjects\Kel3\.gradle\buildOutputCleanup)" [_thread_blocked, id=11280, stack(0x0000009c5a300000,0x0000009c5a400000)]
  0x000002030442a000 JavaThread "Build operations" [_thread_blocked, id=7272, stack(0x0000009c57400000,0x0000009c57500000)]
  0x0000020304424000 JavaThread "Build operations Thread 2" [_thread_blocked, id=4412, stack(0x0000009c57500000,0x0000009c57600000)]
  0x000002030442b800 JavaThread "Memory manager" [_thread_blocked, id=6552, stack(0x0000009c57600000,0x0000009c57700000)]
  0x000002030442d000 JavaThread "build event listener" [_thread_blocked, id=6972, stack(0x0000009c59100000,0x0000009c59200000)]
  0x000002030442c800 JavaThread "Execution worker for ':'" [_thread_blocked, id=11956, stack(0x0000009c5a400000,0x0000009c5a500000)]
  0x0000020304430800 JavaThread "Cache worker for execution history cache (C:\Users\USER\AndroidStudioProjects\Kel3\.gradle\7.0.2\executionHistory)" [_thread_blocked, id=10208, stack(0x0000009c5a500000,0x0000009c5a600000)]
  0x000002030442f800 JavaThread "WorkerExecutor Queue" [_thread_in_vm, id=6884, stack(0x0000009c5a600000,0x0000009c5a700000)]
  0x000002030442b000 JavaThread "WorkerExecutor Queue Thread 2" [_thread_blocked, id=6028, stack(0x0000009c5a700000,0x0000009c5a800000)]
  0x00000203066c0000 JavaThread "pool-3-thread-1" [_thread_blocked, id=10724, stack(0x0000009c5a800000,0x0000009c5a900000)]
  0x00000203066bb800 JavaThread "stderr" [_thread_in_native, id=872, stack(0x0000009c5a900000,0x0000009c5aa00000)]
  0x00000203066c1000 JavaThread "stdout" [_thread_in_native, id=8124, stack(0x0000009c5aa00000,0x0000009c5ab00000)]
  0x00000203066c2000 JavaThread "RMI Scheduler(0)" daemon [_thread_blocked, id=6448, stack(0x0000009c5ab00000,0x0000009c5ac00000)]
  0x00000203066be800 JavaThread "RMI GC Daemon" daemon [_thread_blocked, id=3200, stack(0x0000009c5ad00000,0x0000009c5ae00000)]
  0x00000203066c2800 JavaThread "RMI TCP Accept-0" daemon [_thread_in_native, id=13008, stack(0x0000009c5ae00000,0x0000009c5af00000)]
  0x00000203066bf800 JavaThread "RMI Reaper" [_thread_blocked, id=8560, stack(0x0000009c5af00000,0x0000009c5b000000)]
  0x00000203066bd800 JavaThread "RMI TCP Connection(idle)" daemon [_thread_blocked, id=6556, stack(0x0000009c5b000000,0x0000009c5b100000)]
  0x00000203066bc000 JavaThread "Cache worker for Java compile cache (C:\Users\USER\.gradle\caches\7.0.2\javaCompile)" [_thread_blocked, id=10852, stack(0x0000009c5ac00000,0x0000009c5ad00000)]
  0x00000203066bd000 JavaThread "Cache worker for Java compile cache (C:\Users\USER\AndroidStudioProjects\Kel3\.gradle\7.0.2\javaCompile)" [_thread_blocked, id=12972, stack(0x0000009c5b100000,0x0000009c5b200000)]

Other Threads:
  0x000002037f17a000 VMThread "VM Thread" [stack: 0x0000009c57d00000,0x0000009c57e00000] [id=9808]
  0x000002037fc72000 WatcherThread [stack: 0x0000009c58700000,0x0000009c58800000] [id=6036]
  0x0000020365b14800 GCTaskThread "GC Thread#0" [stack: 0x0000009c57800000,0x0000009c57900000] [id=8260]
  0x000002037fe5e000 GCTaskThread "GC Thread#1" [stack: 0x0000009c58800000,0x0000009c58900000] [id=9596]
  0x0000020365b46800 ConcurrentGCThread "G1 Main Marker" [stack: 0x0000009c57900000,0x0000009c57a00000] [id=8116]
  0x0000020365b48000 ConcurrentGCThread "G1 Conc#0" [stack: 0x0000009c57a00000,0x0000009c57b00000] [id=9632]
  0x0000020365b98000 ConcurrentGCThread "G1 Refine#0" [stack: 0x0000009c57b00000,0x0000009c57c00000] [id=8904]
  0x0000020365b99000 ConcurrentGCThread "G1 Young RemSet Sampling" [stack: 0x0000009c57c00000,0x0000009c57d00000] [id=10600]

Threads with active compile tasks:
C2 CompilerThread0 784782 13930       4       com.android.tools.r8.graph.B0$b::a (62 bytes)

VM state:not at safepoint (normal execution)

VM Mutex/Monitor currently owned by a thread: None

Heap address: 0x0000000080000000, size: 2048 MB, Compressed Oops mode: 32-bit
Narrow klass base: 0x0000000000000000, Narrow klass shift: 3
Compressed class space size: 1073741824 Address: 0x0000000100000000

Heap:
 garbage-first heap   total 138240K, used 107561K [0x0000000080000000, 0x0000000100000000)
  region size 1024K, 14 young (14336K), 2 survivors (2048K)
 Metaspace       used 109684K, capacity 112281K, committed 112380K, reserved 1150976K
  class space    used 13985K, capacity 14943K, committed 14976K, reserved 1048576K
Heap Regions: E=young(eden), S=young(survivor), O=old, HS=humongous(starts), HC=humongous(continues), CS=collection set, F=free, A=archive, TAMS=top-at-mark-start (previous, next)
|   0|0x0000000080000000, 0x0000000080100000, 0x0000000080100000|100%| O|  |TAMS 0x0000000080100000, 0x0000000080000000| Untracked 
|   1|0x0000000080100000, 0x0000000080200000, 0x0000000080200000|100%| O|  |TAMS 0x0000000080200000, 0x0000000080100000| Untracked 
|   2|0x0000000080200000, 0x0000000080300000, 0x0000000080300000|100%| O|  |TAMS 0x0000000080300000, 0x0000000080200000| Untracked 
|   3|0x0000000080300000, 0x0000000080400000, 0x0000000080400000|100%| O|  |TAMS 0x0000000080400000, 0x0000000080300000| Untracked 
|   4|0x0000000080400000, 0x0000000080500000, 0x0000000080500000|100%|HS|  |TAMS 0x0000000080500000, 0x0000000080400000| Complete 
|   5|0x0000000080500000, 0x0000000080600000, 0x0000000080600000|100%|HC|  |TAMS 0x0000000080600000, 0x0000000080500000| Complete 
|   6|0x0000000080600000, 0x0000000080700000, 0x0000000080700000|100%|HC|  |TAMS 0x0000000080700000, 0x0000000080600000| Complete 
|   7|0x0000000080700000, 0x0000000080800000, 0x0000000080800000|100%| O|  |TAMS 0x0000000080800000, 0x0000000080700000| Untracked 
|   8|0x0000000080800000, 0x0000000080900000, 0x0000000080900000|100%| O|  |TAMS 0x0000000080900000, 0x0000000080800000| Untracked 
|   9|0x0000000080900000, 0x0000000080a00000, 0x0000000080a00000|100%| O|  |TAMS 0x0000000080a00000, 0x0000000080900000| Untracked 
|  10|0x0000000080a00000, 0x0000000080b00000, 0x0000000080b00000|100%| O|  |TAMS 0x0000000080b00000, 0x0000000080a00000| Untracked 
|  11|0x0000000080b00000, 0x0000000080c00000, 0x0000000080c00000|100%| O|  |TAMS 0x0000000080c00000, 0x0000000080b00000| Untracked 
|  12|0x0000000080c00000, 0x0000000080d00000, 0x0000000080d00000|100%| O|  |TAMS 0x0000000080d00000, 0x0000000080c00000| Untracked 
|  13|0x0000000080d00000, 0x0000000080e00000, 0x0000000080e00000|100%| O|  |TAMS 0x0000000080e00000, 0x0000000080d00000| Untracked 
|  14|0x0000000080e00000, 0x0000000080f00000, 0x0000000080f00000|100%| O|  |TAMS 0x0000000080f00000, 0x0000000080e00000| Untracked 
|  15|0x0000000080f00000, 0x0000000081000000, 0x0000000081000000|100%| O|  |TAMS 0x0000000081000000, 0x0000000080f00000| Untracked 
|  16|0x0000000081000000, 0x0000000081100000, 0x0000000081100000|100%| O|  |TAMS 0x0000000081100000, 0x0000000081000000| Untracked 
|  17|0x0000000081100000, 0x0000000081200000, 0x0000000081200000|100%| O|  |TAMS 0x0000000081200000, 0x0000000081100000| Untracked 
|  18|0x0000000081200000, 0x0000000081300000, 0x0000000081300000|100%| O|  |TAMS 0x0000000081300000, 0x0000000081200000| Untracked 
|  19|0x0000000081300000, 0x0000000081400000, 0x0000000081400000|100%| O|  |TAMS 0x0000000081400000, 0x0000000081300000| Untracked 
|  20|0x0000000081400000, 0x0000000081500000, 0x0000000081500000|100%| O|  |TAMS 0x0000000081500000, 0x0000000081400000| Untracked 
|  21|0x0000000081500000, 0x0000000081600000, 0x0000000081600000|100%| O|  |TAMS 0x0000000081600000, 0x0000000081500000| Untracked 
|  22|0x0000000081600000, 0x0000000081700000, 0x0000000081700000|100%| O|  |TAMS 0x0000000081700000, 0x0000000081600000| Untracked 
|  23|0x0000000081700000, 0x0000000081800000, 0x0000000081800000|100%| O|  |TAMS 0x0000000081800000, 0x0000000081700000| Untracked 
|  24|0x0000000081800000, 0x0000000081900000, 0x0000000081900000|100%| O|  |TAMS 0x0000000081900000, 0x0000000081800000| Untracked 
|  25|0x0000000081900000, 0x0000000081a00000, 0x0000000081a00000|100%| O|  |TAMS 0x0000000081a00000, 0x0000000081900000| Untracked 
|  26|0x0000000081a00000, 0x0000000081b00000, 0x0000000081b00000|100%| O|  |TAMS 0x0000000081b00000, 0x0000000081a00000| Untracked 
|  27|0x0000000081b00000, 0x0000000081c00000, 0x0000000081c00000|100%| O|  |TAMS 0x0000000081c00000, 0x0000000081b00000| Untracked 
|  28|0x0000000081c00000, 0x0000000081d00000, 0x0000000081d00000|100%| O|  |TAMS 0x0000000081d00000, 0x0000000081c00000| Untracked 
|  29|0x0000000081d00000, 0x0000000081e00000, 0x0000000081e00000|100%| O|  |TAMS 0x0000000081e00000, 0x0000000081d00000| Untracked 
|  30|0x0000000081e00000, 0x0000000081f00000, 0x0000000081f00000|100%| O|  |TAMS 0x0000000081f00000, 0x0000000081e00000| Untracked 
|  31|0x0000000081f00000, 0x0000000082000000, 0x0000000082000000|100%|HS|  |TAMS 0x0000000082000000, 0x0000000081f00000| Complete 
|  32|0x0000000082000000, 0x0000000082100000, 0x0000000082100000|100%|HS|  |TAMS 0x0000000082100000, 0x0000000082000000| Complete 
|  33|0x0000000082100000, 0x0000000082200000, 0x0000000082200000|100%|HS|  |TAMS 0x0000000082200000, 0x0000000082100000| Complete 
|  34|0x0000000082200000, 0x0000000082300000, 0x0000000082300000|100%| O|  |TAMS 0x0000000082300000, 0x0000000082200000| Untracked 
|  35|0x0000000082300000, 0x0000000082400000, 0x0000000082400000|100%| O|  |TAMS 0x0000000082400000, 0x0000000082300000| Untracked 
|  36|0x0000000082400000, 0x0000000082500000, 0x0000000082500000|100%| O|  |TAMS 0x0000000082500000, 0x0000000082400000| Untracked 
|  37|0x0000000082500000, 0x0000000082600000, 0x0000000082600000|100%|HS|  |TAMS 0x0000000082600000, 0x0000000082500000| Complete 
|  38|0x0000000082600000, 0x0000000082700000, 0x0000000082700000|100%|HC|  |TAMS 0x0000000082700000, 0x0000000082600000| Complete 
|  39|0x0000000082700000, 0x0000000082800000, 0x0000000082800000|100%|HC|  |TAMS 0x0000000082800000, 0x0000000082700000| Complete 
|  40|0x0000000082800000, 0x0000000082900000, 0x0000000082900000|100%| O|  |TAMS 0x0000000082900000, 0x0000000082800000| Untracked 
|  41|0x0000000082900000, 0x0000000082a00000, 0x0000000082a00000|100%| O|  |TAMS 0x0000000082a00000, 0x0000000082900000| Untracked 
|  42|0x0000000082a00000, 0x0000000082b00000, 0x0000000082b00000|100%|HS|  |TAMS 0x0000000082b00000, 0x0000000082a00000| Complete 
|  43|0x0000000082b00000, 0x0000000082c00000, 0x0000000082c00000|100%|HC|  |TAMS 0x0000000082c00000, 0x0000000082b00000| Complete 
|  44|0x0000000082c00000, 0x0000000082d00000, 0x0000000082d00000|100%| O|  |TAMS 0x0000000082d00000, 0x0000000082c00000| Untracked 
|  45|0x0000000082d00000, 0x0000000082e00000, 0x0000000082e00000|100%| O|  |TAMS 0x0000000082e00000, 0x0000000082d00000| Untracked 
|  46|0x0000000082e00000, 0x0000000082f00000, 0x0000000082f00000|100%| O|  |TAMS 0x0000000082f00000, 0x0000000082e00000| Untracked 
|  47|0x0000000082f00000, 0x0000000083000000, 0x0000000083000000|100%| O|  |TAMS 0x0000000083000000, 0x0000000082f00000| Untracked 
|  48|0x0000000083000000, 0x0000000083100000, 0x0000000083100000|100%| O|  |TAMS 0x0000000083100000, 0x0000000083000000| Untracked 
|  49|0x0000000083100000, 0x0000000083200000, 0x0000000083200000|100%| O|  |TAMS 0x0000000083200000, 0x0000000083100000| Untracked 
|  50|0x0000000083200000, 0x0000000083300000, 0x0000000083300000|100%| O|  |TAMS 0x0000000083200000, 0x0000000083200000| Untracked 
|  51|0x0000000083300000, 0x0000000083400000, 0x0000000083400000|100%| O|  |TAMS 0x0000000083300000, 0x0000000083300000| Untracked 
|  52|0x0000000083400000, 0x0000000083500000, 0x0000000083500000|100%| O|  |TAMS 0x0000000083500000, 0x0000000083400000| Untracked 
|  53|0x0000000083500000, 0x0000000083600000, 0x0000000083600000|100%| O|  |TAMS 0x0000000083600000, 0x0000000083500000| Untracked 
|  54|0x0000000083600000, 0x0000000083700000, 0x0000000083700000|100%| O|  |TAMS 0x0000000083700000, 0x0000000083600000| Untracked 
|  55|0x0000000083700000, 0x0000000083800000, 0x0000000083800000|100%| O|  |TAMS 0x0000000083800000, 0x0000000083700000| Untracked 
|  56|0x0000000083800000, 0x0000000083900000, 0x0000000083900000|100%| O|  |TAMS 0x0000000083900000, 0x0000000083800000| Untracked 
|  57|0x0000000083900000, 0x0000000083a00000, 0x0000000083a00000|100%| O|  |TAMS 0x0000000083a00000, 0x0000000083900000| Untracked 
|  58|0x0000000083a00000, 0x0000000083b00000, 0x0000000083b00000|100%| O|  |TAMS 0x0000000083b00000, 0x0000000083a00000| Untracked 
|  59|0x0000000083b00000, 0x0000000083c00000, 0x0000000083c00000|100%| O|  |TAMS 0x0000000083c00000, 0x0000000083b00000| Untracked 
|  60|0x0000000083c00000, 0x0000000083d00000, 0x0000000083d00000|100%| O|  |TAMS 0x0000000083d00000, 0x0000000083c00000| Untracked 
|  61|0x0000000083d00000, 0x0000000083e00000, 0x0000000083e00000|100%| O|  |TAMS 0x0000000083e00000, 0x0000000083d00000| Untracked 
|  62|0x0000000083e00000, 0x0000000083f00000, 0x0000000083f00000|100%| O|  |TAMS 0x0000000083f00000, 0x0000000083e00000| Untracked 
|  63|0x0000000083f00000, 0x0000000084000000, 0x0000000084000000|100%| O|  |TAMS 0x0000000084000000, 0x0000000083f00000| Untracked 
|  64|0x0000000084000000, 0x0000000084100000, 0x0000000084100000|100%| O|  |TAMS 0x0000000084100000, 0x0000000084000000| Untracked 
|  65|0x0000000084100000, 0x0000000084200000, 0x0000000084200000|100%| O|  |TAMS 0x0000000084200000, 0x0000000084100000| Untracked 
|  66|0x0000000084200000, 0x0000000084300000, 0x0000000084300000|100%| O|  |TAMS 0x0000000084300000, 0x0000000084200000| Untracked 
|  67|0x0000000084300000, 0x0000000084400000, 0x0000000084400000|100%| O|  |TAMS 0x0000000084400000, 0x0000000084300000| Untracked 
|  68|0x0000000084400000, 0x0000000084500000, 0x0000000084500000|100%| O|  |TAMS 0x0000000084500000, 0x0000000084400000| Untracked 
|  69|0x0000000084500000, 0x0000000084600000, 0x0000000084600000|100%| O|  |TAMS 0x0000000084600000, 0x0000000084500000| Untracked 
|  70|0x0000000084600000, 0x0000000084700000, 0x0000000084700000|100%| O|  |TAMS 0x0000000084700000, 0x0000000084600000| Untracked 
|  71|0x0000000084700000, 0x000000008470a600, 0x0000000084800000|  4%| O|  |TAMS 0x0000000084700000, 0x0000000084700000| Untracked 
|  72|0x0000000084800000, 0x0000000084800000, 0x0000000084900000|  0%| F|  |TAMS 0x0000000084800000, 0x0000000084800000| Untracked 
|  73|0x0000000084900000, 0x0000000084a00000, 0x0000000084a00000|100%| O|  |TAMS 0x0000000084a00000, 0x0000000084900000| Untracked 
|  74|0x0000000084a00000, 0x0000000084b00000, 0x0000000084b00000|100%| O|  |TAMS 0x0000000084b00000, 0x0000000084a00000| Untracked 
|  75|0x0000000084b00000, 0x0000000084c00000, 0x0000000084c00000|100%| O|  |TAMS 0x0000000084c00000, 0x0000000084b00000| Untracked 
|  76|0x0000000084c00000, 0x0000000084d00000, 0x0000000084d00000|100%| O|  |TAMS 0x0000000084d00000, 0x0000000084c00000| Untracked 
|  77|0x0000000084d00000, 0x0000000084d00000, 0x0000000084e00000|  0%| F|  |TAMS 0x0000000084d00000, 0x0000000084d00000| Untracked 
|  78|0x0000000084e00000, 0x0000000084f00000, 0x0000000084f00000|100%| O|  |TAMS 0x0000000084f00000, 0x0000000084e00000| Untracked 
|  79|0x0000000084f00000, 0x0000000085000000, 0x0000000085000000|100%| O|  |TAMS 0x0000000085000000, 0x0000000084f00000| Untracked 
|  80|0x0000000085000000, 0x0000000085100000, 0x0000000085100000|100%| O|  |TAMS 0x0000000085100000, 0x0000000085000000| Untracked 
|  81|0x0000000085100000, 0x0000000085100000, 0x0000000085200000|  0%| F|  |TAMS 0x0000000085100000, 0x0000000085100000| Untracked 
|  82|0x0000000085200000, 0x0000000085300000, 0x0000000085300000|100%| O|  |TAMS 0x0000000085300000, 0x0000000085200000| Untracked 
|  83|0x0000000085300000, 0x0000000085400000, 0x0000000085400000|100%| O|  |TAMS 0x0000000085400000, 0x0000000085300000| Untracked 
|  84|0x0000000085400000, 0x0000000085500000, 0x0000000085500000|100%| O|  |TAMS 0x0000000085500000, 0x0000000085400000| Untracked 
|  85|0x0000000085500000, 0x0000000085500000, 0x0000000085600000|  0%| F|  |TAMS 0x0000000085500000, 0x0000000085500000| Untracked 
|  86|0x0000000085600000, 0x0000000085700000, 0x0000000085700000|100%| O|  |TAMS 0x0000000085700000, 0x0000000085600000| Untracked 
|  87|0x0000000085700000, 0x0000000085800000, 0x0000000085800000|100%| O|  |TAMS 0x0000000085800000, 0x0000000085700000| Untracked 
|  88|0x0000000085800000, 0x0000000085900000, 0x0000000085900000|100%| O|  |TAMS 0x00000000858c5600, 0x0000000085800000| Untracked 
|  89|0x0000000085900000, 0x0000000085a00000, 0x0000000085a00000|100%| O|  |TAMS 0x0000000085900000, 0x0000000085900000| Untracked 
|  90|0x0000000085a00000, 0x0000000085b00000, 0x0000000085b00000|100%| O|  |TAMS 0x0000000085a00000, 0x0000000085a00000| Untracked 
|  91|0x0000000085b00000, 0x0000000085c00000, 0x0000000085c00000|100%| O|  |TAMS 0x0000000085c00000, 0x0000000085b00000| Untracked 
|  92|0x0000000085c00000, 0x0000000085d00000, 0x0000000085d00000|100%| O|  |TAMS 0x0000000085c00000, 0x0000000085c00000| Untracked 
|  93|0x0000000085d00000, 0x0000000085d00000, 0x0000000085e00000|  0%| F|  |TAMS 0x0000000085d00000, 0x0000000085d00000| Untracked 
|  94|0x0000000085e00000, 0x0000000085f00000, 0x0000000085f00000|100%| O|  |TAMS 0x0000000085f00000, 0x0000000085e00000| Untracked 
|  95|0x0000000085f00000, 0x0000000086000000, 0x0000000086000000|100%| O|  |TAMS 0x0000000086000000, 0x0000000085f00000| Untracked 
|  96|0x0000000086000000, 0x0000000086100000, 0x0000000086100000|100%| O|  |TAMS 0x0000000086100000, 0x0000000086000000| Untracked 
|  97|0x0000000086100000, 0x0000000086200000, 0x0000000086200000|100%| O|  |TAMS 0x0000000086200000, 0x0000000086100000| Untracked 
|  98|0x0000000086200000, 0x0000000086300000, 0x0000000086300000|100%| O|  |TAMS 0x0000000086300000, 0x0000000086200000| Untracked 
|  99|0x0000000086300000, 0x0000000086300000, 0x0000000086400000|  0%| F|  |TAMS 0x0000000086300000, 0x0000000086300000| Untracked 
| 100|0x0000000086400000, 0x0000000086400000, 0x0000000086500000|  0%| F|  |TAMS 0x0000000086400000, 0x0000000086400000| Untracked 
| 101|0x0000000086500000, 0x0000000086500000, 0x0000000086600000|  0%| F|  |TAMS 0x0000000086500000, 0x0000000086500000| Untracked 
| 102|0x0000000086600000, 0x0000000086600000, 0x0000000086700000|  0%| F|  |TAMS 0x0000000086600000, 0x0000000086600000| Untracked 
| 103|0x0000000086700000, 0x0000000086700000, 0x0000000086800000|  0%| F|  |TAMS 0x0000000086700000, 0x0000000086700000| Untracked 
| 104|0x0000000086800000, 0x0000000086800000, 0x0000000086900000|  0%| F|  |TAMS 0x0000000086800000, 0x0000000086800000| Untracked 
| 105|0x0000000086900000, 0x0000000086900000, 0x0000000086a00000|  0%| F|  |TAMS 0x0000000086900000, 0x0000000086900000| Untracked 
| 106|0x0000000086a00000, 0x0000000086a00000, 0x0000000086b00000|  0%| F|  |TAMS 0x0000000086a00000, 0x0000000086a00000| Untracked 
| 107|0x0000000086b00000, 0x0000000086b00000, 0x0000000086c00000|  0%| F|  |TAMS 0x0000000086b00000, 0x0000000086b00000| Untracked 
| 108|0x0000000086c00000, 0x0000000086c00000, 0x0000000086d00000|  0%| F|  |TAMS 0x0000000086c00000, 0x0000000086c00000| Untracked 
| 109|0x0000000086d00000, 0x0000000086d00000, 0x0000000086e00000|  0%| F|  |TAMS 0x0000000086d00000, 0x0000000086d00000| Untracked 
| 110|0x0000000086e00000, 0x0000000086e00000, 0x0000000086f00000|  0%| F|  |TAMS 0x0000000086e00000, 0x0000000086e00000| Untracked 
| 111|0x0000000086f00000, 0x0000000086f00000, 0x0000000087000000|  0%| F|  |TAMS 0x0000000086f00000, 0x0000000086f00000| Untracked 
| 112|0x0000000087000000, 0x0000000087000000, 0x0000000087100000|  0%| F|  |TAMS 0x0000000087000000, 0x0000000087000000| Untracked 
| 113|0x0000000087100000, 0x0000000087100000, 0x0000000087200000|  0%| F|  |TAMS 0x0000000087100000, 0x0000000087100000| Untracked 
| 114|0x0000000087200000, 0x0000000087200000, 0x0000000087300000|  0%| F|  |TAMS 0x0000000087200000, 0x0000000087200000| Untracked 
| 115|0x0000000087300000, 0x0000000087300000, 0x0000000087400000|  0%| F|  |TAMS 0x0000000087300000, 0x0000000087300000| Untracked 
| 116|0x0000000087400000, 0x0000000087400000, 0x0000000087500000|  0%| F|  |TAMS 0x0000000087400000, 0x0000000087400000| Untracked 
| 117|0x0000000087500000, 0x0000000087500000, 0x0000000087600000|  0%| F|  |TAMS 0x0000000087500000, 0x0000000087500000| Untracked 
| 118|0x0000000087600000, 0x0000000087600000, 0x0000000087700000|  0%| F|  |TAMS 0x0000000087600000, 0x0000000087600000| Untracked 
| 119|0x0000000087700000, 0x0000000087700000, 0x0000000087800000|  0%| F|  |TAMS 0x0000000087700000, 0x0000000087700000| Untracked 
| 120|0x0000000087800000, 0x0000000087800000, 0x0000000087900000|  0%| F|  |TAMS 0x0000000087800000, 0x0000000087800000| Untracked 
| 121|0x0000000087900000, 0x0000000087a00000, 0x0000000087a00000|100%| S|CS|TAMS 0x0000000087900000, 0x0000000087900000| Complete 
| 122|0x0000000087a00000, 0x0000000087b00000, 0x0000000087b00000|100%| S|CS|TAMS 0x0000000087a00000, 0x0000000087a00000| Complete 
| 123|0x0000000087b00000, 0x0000000087b05b20, 0x0000000087c00000|  2%| E|  |TAMS 0x0000000087b00000, 0x0000000087b00000| Complete 
| 124|0x0000000087c00000, 0x0000000087d00000, 0x0000000087d00000|100%| E|CS|TAMS 0x0000000087c00000, 0x0000000087c00000| Complete 
| 125|0x0000000087d00000, 0x0000000087e00000, 0x0000000087e00000|100%| E|CS|TAMS 0x0000000087d00000, 0x0000000087d00000| Complete 
| 126|0x0000000087e00000, 0x0000000087f00000, 0x0000000087f00000|100%| E|CS|TAMS 0x0000000087e00000, 0x0000000087e00000| Complete 
| 127|0x0000000087f00000, 0x0000000088000000, 0x0000000088000000|100%| E|  |TAMS 0x0000000087f00000, 0x0000000087f00000| Complete 
| 128|0x0000000088000000, 0x0000000088100000, 0x0000000088100000|100%| E|CS|TAMS 0x0000000088000000, 0x0000000088000000| Complete 
| 129|0x0000000088100000, 0x0000000088200000, 0x0000000088200000|100%| E|CS|TAMS 0x0000000088100000, 0x0000000088100000| Complete 
| 130|0x0000000088200000, 0x0000000088300000, 0x0000000088300000|100%| E|CS|TAMS 0x0000000088200000, 0x0000000088200000| Complete 
| 131|0x0000000088300000, 0x0000000088400000, 0x0000000088400000|100%| E|CS|TAMS 0x0000000088300000, 0x0000000088300000| Complete 
| 132|0x0000000088400000, 0x0000000088500000, 0x0000000088500000|100%| E|CS|TAMS 0x0000000088400000, 0x0000000088400000| Complete 
| 133|0x0000000088500000, 0x0000000088600000, 0x0000000088600000|100%| E|CS|TAMS 0x0000000088500000, 0x0000000088500000| Complete 
| 134|0x0000000088600000, 0x0000000088700000, 0x0000000088700000|100%| E|CS|TAMS 0x0000000088600000, 0x0000000088600000| Complete 

Card table byte_map: [0x000002037a5e0000,0x000002037a9e0000] _byte_map_base: 0x000002037a1e0000

Marking Bits (Prev, Next): (CMBitMap*) 0x0000020365b3b928, (CMBitMap*) 0x0000020365b3b960
 Prev Bits: [0x000002037ade0000, 0x000002037cde0000)
 Next Bits: [0x000002037cde0000, 0x000002037ede0000)

Polling page: 0x0000020365970000

Metaspace:

Usage:
  Non-class:     95.06 MB capacity,    93.46 MB ( 98%) used,     1.29 MB (  1%) free+waste,   312.75 KB ( <1%) overhead. 
      Class:     14.59 MB capacity,    13.66 MB ( 94%) used,   817.66 KB (  5%) free+waste,   139.75 KB ( <1%) overhead. 
       Both:    109.65 MB capacity,   107.11 MB ( 98%) used,     2.09 MB (  2%) free+waste,   452.50 KB ( <1%) overhead. 

Virtual space:
  Non-class space:      100.00 MB reserved,      95.12 MB ( 95%) committed 
      Class space:        1.00 GB reserved,      14.63 MB (  1%) committed 
             Both:        1.10 GB reserved,     109.75 MB ( 10%) committed 

Chunk freelists:
   Non-Class:  2.00 KB
       Class:  1.00 KB
        Both:  3.00 KB

MaxMetaspaceSize: 17179869184.00 GB
CompressedClassSpaceSize: 1.00 GB

CodeHeap 'non-profiled nmethods': size=120064Kb used=8884Kb max_used=8884Kb free=111179Kb
 bounds [0x00000203728a0000, 0x0000020373150000, 0x0000020379de0000]
CodeHeap 'profiled nmethods': size=120000Kb used=31464Kb max_used=31464Kb free=88535Kb
 bounds [0x000002036b370000, 0x000002036d230000, 0x00000203728a0000]
CodeHeap 'non-nmethods': size=5696Kb used=2353Kb max_used=2374Kb free=3342Kb
 bounds [0x000002036ade0000, 0x000002036b050000, 0x000002036b370000]
 total_blobs=14866 nmethods=13884 adapters=894
 compilation: enabled
              stopped_count=0, restarted_count=0
 full_count=0

Compilation events (20 events):
Event: 784.051 Thread 0x000002037f1de000 13916       1       com.android.tools.r8.graph.B0$b::a (5 bytes)
Event: 784.051 Thread 0x000002037f1de000 nmethod 13916 0x0000020373149d10 code [0x0000020373149ec0, 0x0000020373149f58]
Event: 784.052 Thread 0x000002037f1de000 13917       1       com.android.tools.r8.graph.B0$b::b (5 bytes)
Event: 784.052 Thread 0x000002037f1de000 nmethod 13917 0x000002037314a010 code [0x000002037314a1c0, 0x000002037314a258]
Event: 784.052 Thread 0x000002037f1de000 13919       3       java.util.zip.CRC32::<init> (5 bytes)
Event: 784.052 Thread 0x000002037f1de000 nmethod 13919 0x000002036d1e9510 code [0x000002036d1e96c0, 0x000002036d1e9818]
Event: 784.052 Thread 0x000002037f1de000 13918       1       com.android.tools.r8.graph.B0$b::c (5 bytes)
Event: 784.052 Thread 0x000002037f1de000 nmethod 13918 0x000002037314a310 code [0x000002037314a4c0, 0x000002037314a558]
Event: 784.052 Thread 0x000002037f1de000 13920       3       java.util.zip.CRC32::getValue (10 bytes)
Event: 784.053 Thread 0x000002037f1de000 nmethod 13920 0x000002036d1e9910 code [0x000002036d1e9ac0, 0x000002036d1e9bd8]
Event: 784.053 Thread 0x000002037f1de000 13921       1       com.android.tools.r8.graph.B0$b::d (5 bytes)
Event: 784.054 Thread 0x000002037f1de000 nmethod 13921 0x000002037314a610 code [0x000002037314a7c0, 0x000002037314a858]
Event: 784.054 Thread 0x000002037fb0f800 13922       4       com.android.tools.r8.internal.Sb$a::hashCode (32 bytes)
Event: 784.055 Thread 0x000002037f1de000 13924       3       com.android.tools.r8.internal.U6::a (4191 bytes)
Event: 784.062 Thread 0x000002037fb0f800 nmethod 13922 0x000002037314a910 code [0x000002037314aac0, 0x000002037314ae08]
Event: 784.062 Thread 0x000002037fb0f800 13923       4       com.android.tools.r8.graph.T::a (35 bytes)
Event: 784.071 Thread 0x000002037fb0f800 nmethod 13923 0x000002037314b110 code [0x000002037314b2e0, 0x000002037314b798]
Event: 784.072 Thread 0x000002037fb0f800 13929       4       com.android.tools.r8.graph.O::<init> (93 bytes)
Event: 784.081 Thread 0x000002037fb0f800 nmethod 13929 0x000002037314ba10 code [0x000002037314bba0, 0x000002037314c198]
Event: 784.081 Thread 0x000002037fb0f800 13930       4       com.android.tools.r8.graph.B0$b::a (62 bytes)

GC Heap History (20 events):
Event: 778.081 GC heap before
{Heap before GC invocations=189 (full 0):
 garbage-first heap   total 114688K, used 105241K [0x0000000080000000, 0x0000000100000000)
  region size 1024K, 5 young (5120K), 1 survivors (1024K)
 Metaspace       used 105145K, capacity 107638K, committed 107772K, reserved 1142784K
  class space    used 13392K, capacity 14342K, committed 14464K, reserved 1048576K
}
Event: 778.088 GC heap after
{Heap after GC invocations=190 (full 0):
 garbage-first heap   total 114688K, used 101949K [0x0000000080000000, 0x0000000100000000)
  region size 1024K, 1 young (1024K), 1 survivors (1024K)
 Metaspace       used 105145K, capacity 107638K, committed 107772K, reserved 1142784K
  class space    used 13392K, capacity 14342K, committed 14464K, reserved 1048576K
}
Event: 778.234 GC heap before
{Heap before GC invocations=190 (full 0):
 garbage-first heap   total 114688K, used 106045K [0x0000000080000000, 0x0000000100000000)
  region size 1024K, 5 young (5120K), 1 survivors (1024K)
 Metaspace       used 105357K, capacity 107830K, committed 108028K, reserved 1142784K
  class space    used 13409K, capacity 14342K, committed 14464K, reserved 1048576K
}
Event: 778.244 GC heap after
{Heap after GC invocations=191 (full 0):
 garbage-first heap   total 114688K, used 103230K [0x0000000080000000, 0x0000000100000000)
  region size 1024K, 1 young (1024K), 1 survivors (1024K)
 Metaspace       used 105357K, capacity 107830K, committed 108028K, reserved 1142784K
  class space    used 13409K, capacity 14342K, committed 14464K, reserved 1048576K
}
Event: 778.573 GC heap before
{Heap before GC invocations=191 (full 0):
 garbage-first heap   total 114688K, used 106302K [0x0000000080000000, 0x0000000100000000)
  region size 1024K, 5 young (5120K), 1 survivors (1024K)
 Metaspace       used 105597K, capacity 108061K, committed 108284K, reserved 1142784K
  class space    used 13428K, capacity 14376K, committed 14464K, reserved 1048576K
}
Event: 778.581 GC heap after
{Heap after GC invocations=192 (full 0):
 garbage-first heap   total 114688K, used 104081K [0x0000000080000000, 0x0000000100000000)
  region size 1024K, 1 young (1024K), 1 survivors (1024K)
 Metaspace       used 105597K, capacity 108061K, committed 108284K, reserved 1142784K
  class space    used 13428K, capacity 14376K, committed 14464K, reserved 1048576K
}
Event: 779.037 GC heap before
{Heap before GC invocations=193 (full 0):
 garbage-first heap   total 114688K, used 108177K [0x0000000080000000, 0x0000000100000000)
  region size 1024K, 5 young (5120K), 1 survivors (1024K)
 Metaspace       used 105686K, capacity 108191K, committed 108284K, reserved 1142784K
  class space    used 13436K, capacity 14375K, committed 14464K, reserved 1048576K
}
Event: 779.044 GC heap after
{Heap after GC invocations=194 (full 0):
 garbage-first heap   total 114688K, used 104602K [0x0000000080000000, 0x0000000100000000)
  region size 1024K, 1 young (1024K), 1 survivors (1024K)
 Metaspace       used 105686K, capacity 108191K, committed 108284K, reserved 1142784K
  class space    used 13436K, capacity 14375K, committed 14464K, reserved 1048576K
}
Event: 779.512 GC heap before
{Heap before GC invocations=194 (full 0):
 garbage-first heap   total 114688K, used 107674K [0x0000000080000000, 0x0000000100000000)
  region size 1024K, 5 young (5120K), 1 survivors (1024K)
 Metaspace       used 105694K, capacity 108191K, committed 108284K, reserved 1142784K
  class space    used 13436K, capacity 14375K, committed 14464K, reserved 1048576K
}
Event: 779.524 GC heap after
{Heap after GC invocations=195 (full 0):
 garbage-first heap   total 114688K, used 93480K [0x0000000080000000, 0x0000000100000000)
  region size 1024K, 1 young (1024K), 1 survivors (1024K)
 Metaspace       used 105694K, capacity 108191K, committed 108284K, reserved 1142784K
  class space    used 13436K, capacity 14375K, committed 14464K, reserved 1048576K
}
Event: 779.769 GC heap before
{Heap before GC invocations=195 (full 0):
 garbage-first heap   total 114688K, used 97576K [0x0000000080000000, 0x0000000100000000)
  region size 1024K, 5 young (5120K), 1 survivors (1024K)
 Metaspace       used 105698K, capacity 108255K, committed 108540K, reserved 1142784K
  class space    used 13436K, capacity 14375K, committed 14464K, reserved 1048576K
}
Event: 779.774 GC heap after
{Heap after GC invocations=196 (full 0):
 garbage-first heap   total 114688K, used 93893K [0x0000000080000000, 0x0000000100000000)
  region size 1024K, 1 young (1024K), 1 survivors (1024K)
 Metaspace       used 105698K, capacity 108255K, committed 108540K, reserved 1142784K
  class space    used 13436K, capacity 14375K, committed 14464K, reserved 1048576K
}
Event: 781.270 GC heap before
{Heap before GC invocations=196 (full 0):
 garbage-first heap   total 114688K, used 100037K [0x0000000080000000, 0x0000000100000000)
  region size 1024K, 5 young (5120K), 1 survivors (1024K)
 Metaspace       used 106195K, capacity 108763K, committed 108796K, reserved 1144832K
  class space    used 13507K, capacity 14450K, committed 14464K, reserved 1048576K
}
Event: 781.274 GC heap after
{Heap after GC invocations=197 (full 0):
 garbage-first heap   total 114688K, used 94087K [0x0000000080000000, 0x0000000100000000)
  region size 1024K, 1 young (1024K), 1 survivors (1024K)
 Metaspace       used 106195K, capacity 108763K, committed 108796K, reserved 1144832K
  class space    used 13507K, capacity 14450K, committed 14464K, reserved 1048576K
}
Event: 781.827 GC heap before
{Heap before GC invocations=197 (full 0):
 garbage-first heap   total 114688K, used 97159K [0x0000000080000000, 0x0000000100000000)
  region size 1024K, 5 young (5120K), 1 survivors (1024K)
 Metaspace       used 106689K, capacity 109253K, committed 109436K, reserved 1144832K
  class space    used 13582K, capacity 14527K, committed 14592K, reserved 1048576K
}
Event: 781.837 GC heap after
{Heap after GC invocations=198 (full 0):
 garbage-first heap   total 114688K, used 94677K [0x0000000080000000, 0x0000000100000000)
  region size 1024K, 1 young (1024K), 1 survivors (1024K)
 Metaspace       used 106689K, capacity 109253K, committed 109436K, reserved 1144832K
  class space    used 13582K, capacity 14527K, committed 14592K, reserved 1048576K
}
Event: 781.889 GC heap before
{Heap before GC invocations=198 (full 0):
 garbage-first heap   total 114688K, used 97749K [0x0000000080000000, 0x0000000100000000)
  region size 1024K, 5 young (5120K), 1 survivors (1024K)
 Metaspace       used 106721K, capacity 109324K, committed 109436K, reserved 1144832K
  class space    used 13588K, capacity 14529K, committed 14592K, reserved 1048576K
}
Event: 781.894 GC heap after
{Heap after GC invocations=199 (full 0):
 garbage-first heap   total 138240K, used 95108K [0x0000000080000000, 0x0000000100000000)
  region size 1024K, 1 young (1024K), 1 survivors (1024K)
 Metaspace       used 106721K, capacity 109324K, committed 109436K, reserved 1144832K
  class space    used 13588K, capacity 14529K, committed 14592K, reserved 1048576K
}
Event: 783.839 GC heap before
{Heap before GC invocations=199 (full 0):
 garbage-first heap   total 138240K, used 106372K [0x0000000080000000, 0x0000000100000000)
  region size 1024K, 13 young (13312K), 1 survivors (1024K)
 Metaspace       used 109159K, capacity 111816K, committed 112124K, reserved 1150976K
  class space    used 13913K, capacity 14874K, committed 14976K, reserved 1048576K
}
Event: 783.849 GC heap after
{Heap after GC invocations=200 (full 0):
 garbage-first heap   total 138240K, used 97321K [0x0000000080000000, 0x0000000100000000)
  region size 1024K, 2 young (2048K), 2 survivors (2048K)
 Metaspace       used 109159K, capacity 111816K, committed 112124K, reserved 1150976K
  class space    used 13913K, capacity 14874K, committed 14976K, reserved 1048576K
}

Deoptimization events (20 events):
Event: 782.139 Thread 0x000002030442b000 DEOPT PACKING pc=0x0000020372da2ac8 sp=0x0000009c5a7f8dc0
Event: 782.139 Thread 0x000002030442b000 DEOPT UNPACKING pc=0x000002036ae073af sp=0x0000009c5a7f8d68 mode 2
Event: 782.216 Thread 0x000002030442b000 Uncommon trap: trap_request=0xffffff4d fr.pc=0x0000020372d9fb14 relative=0x0000000000000234
Event: 782.216 Thread 0x000002030442b000 Uncommon trap: reason=unstable_if action=reinterpret pc=0x0000020372d9fb14 method=com.google.common.collect.MapMakerInternalMap$Segment.getEntry(Ljava/lang/Object;I)Lcom/google/common/collect/MapMakerInternalMap$InternalEntry; @ 63 c2
Event: 782.216 Thread 0x000002030442b000 DEOPT PACKING pc=0x0000020372d9fb14 sp=0x0000009c5a7fad20
Event: 782.216 Thread 0x000002030442b000 DEOPT UNPACKING pc=0x000002036ae073af sp=0x0000009c5a7facd8 mode 2
Event: 782.398 Thread 0x000002030442f800 DEOPT PACKING pc=0x000002036c89cdf6 sp=0x0000009c5a6fd1f0
Event: 782.398 Thread 0x000002030442f800 DEOPT UNPACKING pc=0x000002036ae071ce sp=0x0000009c5a6fc710 mode 0
Event: 782.506 Thread 0x000002030442b000 Uncommon trap: trap_request=0xffffff4d fr.pc=0x0000020373070350 relative=0x00000000000001b0
Event: 782.506 Thread 0x000002030442b000 Uncommon trap: reason=unstable_if action=reinterpret pc=0x0000020373070350 method=jdk.internal.util.ArraysSupport.mismatch([B[BI)I @ 60 c2
Event: 782.506 Thread 0x000002030442b000 DEOPT PACKING pc=0x0000020373070350 sp=0x0000009c5a7fd560
Event: 782.506 Thread 0x000002030442b000 DEOPT UNPACKING pc=0x000002036ae073af sp=0x0000009c5a7fd508 mode 2
Event: 782.741 Thread 0x000002030442b000 Uncommon trap: trap_request=0xffffffbe fr.pc=0x00000203731008d8 relative=0x00000000000015d8
Event: 782.741 Thread 0x000002030442b000 Uncommon trap: reason=profile_predicate action=maybe_recompile pc=0x00000203731008d8 method=com.google.common.collect.MapMakerInternalMap$Segment.expand()V @ 56 c2
Event: 782.741 Thread 0x000002030442b000 DEOPT PACKING pc=0x00000203731008d8 sp=0x0000009c5a7fbbd0
Event: 782.741 Thread 0x000002030442b000 DEOPT UNPACKING pc=0x000002036ae073af sp=0x0000009c5a7fbb98 mode 2
Event: 782.741 Thread 0x000002030442b000 Uncommon trap: trap_request=0xffffffbe fr.pc=0x00000203731008d8 relative=0x00000000000015d8
Event: 782.741 Thread 0x000002030442b000 Uncommon trap: reason=profile_predicate action=maybe_recompile pc=0x00000203731008d8 method=com.google.common.collect.MapMakerInternalMap$Segment.expand()V @ 56 c2
Event: 782.741 Thread 0x000002030442b000 DEOPT PACKING pc=0x00000203731008d8 sp=0x0000009c5a7fbbd0
Event: 782.741 Thread 0x000002030442b000 DEOPT UNPACKING pc=0x000002036ae073af sp=0x0000009c5a7fbb98 mode 2

Classes redefined (0 events):
No events

Internal exceptions (20 events):
Event: 777.303 Thread 0x0000020302129000 Exception <a 'sun/nio/fs/WindowsException'{0x0000000086e449e8}> (0x0000000086e449e8) thrown at [./src/hotspot/share/prims/jni.cpp, line 615]
Event: 777.304 Thread 0x0000020302129000 Exception <a 'sun/nio/fs/WindowsException'{0x0000000086e46658}> (0x0000000086e46658) thrown at [./src/hotspot/share/prims/jni.cpp, line 615]
Event: 777.304 Thread 0x0000020302129000 Exception <a 'sun/nio/fs/WindowsException'{0x0000000086e467a8}> (0x0000000086e467a8) thrown at [./src/hotspot/share/prims/jni.cpp, line 615]
Event: 777.304 Thread 0x0000020302129000 Exception <a 'sun/nio/fs/WindowsException'{0x0000000086e499a0}> (0x0000000086e499a0) thrown at [./src/hotspot/share/prims/jni.cpp, line 615]
Event: 777.304 Thread 0x0000020302129000 Exception <a 'sun/nio/fs/WindowsException'{0x0000000086e49ae0}> (0x0000000086e49ae0) thrown at [./src/hotspot/share/prims/jni.cpp, line 615]
Event: 777.304 Thread 0x0000020302129000 Exception <a 'sun/nio/fs/WindowsException'{0x0000000086e4ccd0}> (0x0000000086e4ccd0) thrown at [./src/hotspot/share/prims/jni.cpp, line 615]
Event: 777.334 Thread 0x0000020302129000 Exception <a 'sun/nio/fs/WindowsException'{0x0000000086e8abd8}> (0x0000000086e8abd8) thrown at [./src/hotspot/share/prims/jni.cpp, line 615]
Event: 777.334 Thread 0x0000020302129000 Exception <a 'sun/nio/fs/WindowsException'{0x0000000086e8ad20}> (0x0000000086e8ad20) thrown at [./src/hotspot/share/prims/jni.cpp, line 615]
Event: 777.509 Thread 0x0000020302129000 Exception <a 'sun/nio/fs/WindowsException'{0x0000000086edfd18}> (0x0000000086edfd18) thrown at [./src/hotspot/share/prims/jni.cpp, line 615]
Event: 777.520 Thread 0x0000020302129000 Exception <a 'sun/nio/fs/WindowsException'{0x0000000086ee9e38}> (0x0000000086ee9e38) thrown at [./src/hotspot/share/prims/jni.cpp, line 615]
Event: 777.595 Thread 0x0000020302129000 Exception <a 'sun/nio/fs/WindowsException'{0x0000000086cf71c0}> (0x0000000086cf71c0) thrown at [./src/hotspot/share/prims/jni.cpp, line 615]
Event: 777.674 Thread 0x0000020302129000 Exception <a 'sun/nio/fs/WindowsException'{0x0000000086f4e028}> (0x0000000086f4e028) thrown at [./src/hotspot/share/prims/jni.cpp, line 615]
Event: 778.944 Thread 0x0000020302d28800 Exception <a 'java/lang/NoSuchMethodError'{0x0000000086cd7228}: <clinit>> (0x0000000086cd7228) thrown at [./src/hotspot/share/prims/jni.cpp, line 1362]
Event: 781.147 Thread 0x000002030442c800 Exception <a 'sun/nio/fs/WindowsException'{0x0000000086db3210}> (0x0000000086db3210) thrown at [./src/hotspot/share/prims/jni.cpp, line 615]
Event: 781.256 Thread 0x000002030442c800 Exception <a 'java/lang/NoSuchMethodError'{0x0000000086c55bb0}: <clinit>> (0x0000000086c55bb0) thrown at [./src/hotspot/share/prims/jni.cpp, line 1362]
Event: 781.922 Thread 0x000002030442f800 Exception <a 'sun/nio/fs/WindowsException'{0x00000000885000d0}> (0x00000000885000d0) thrown at [./src/hotspot/share/prims/jni.cpp, line 615]
Event: 783.160 Thread 0x000002030442f800 Exception <a 'java/lang/NoSuchMethodError'{0x0000000088042ae8}: 'java.lang.Object java.lang.invoke.DirectMethodHandle$Holder.invokeStatic(java.lang.Object, java.lang.Object, java.lang.Object, java.lang.Object, java.lang.Object, java.lang.Object, java.lang.Object, java.lang.Object, java.lang.Object, java.lang.Object, java.lang.Object, java.lang.Object, java.lang.Object, java.lang.Object, java.lang.Object, java.lang.Object, java.lang.Object, java.lang.Object, int, java.lang.Object)'> (0x0000000088042ae8) thr
Event: 783.161 Thread 0x000002030442f800 Exception <a 'java/lang/NoSuchMethodError'{0x0000000088048620}: 'java.lang.Object java.lang.invoke.DirectMethodHandle$Holder.invokeStaticInit(java.lang.Object, java.lang.Object, java.lang.Object, java.lang.Object, java.lang.Object, java.lang.Object, java.lang.Object, java.lang.Object, java.lang.Object, java.lang.Object, java.lang.Object, java.lang.Object, java.lang.Object, java.lang.Object, java.lang.Object, java.lang.Object, java.lang.Object, java.lang.Object, int, java.lang.Object)'> (0x0000000088048620)
Event: 783.412 Thread 0x000002030442b000 Exception <a 'java/lang/IncompatibleClassChangeError'{0x0000000087f14a90}: Found class java.lang.Object, but interface was expected> (0x0000000087f14a90) thrown at [./src/hotspot/share/interpreter/linkResolver.cpp, line 839]
Event: 783.412 Thread 0x000002030442f800 Exception <a 'java/lang/IncompatibleClassChangeError'{0x00000000880e5de8}: Found class java.lang.Object, but interface was expected> (0x00000000880e5de8) thrown at [./src/hotspot/share/interpreter/linkResolver.cpp, line 839]

Events (20 events):
Event: 784.047 loading class com/android/tools/r8/internal/Gg$a
Event: 784.047 loading class com/android/tools/r8/internal/Gg$a done
Event: 784.047 loading class com/android/tools/r8/internal/qj$a
Event: 784.047 loading class com/android/tools/r8/internal/qj$a done
Event: 784.048 loading class com/android/tools/r8/internal/dj$a
Event: 784.048 loading class com/android/tools/r8/internal/dj$a done
Event: 784.048 loading class com/android/tools/r8/internal/qj
Event: 784.048 loading class com/android/tools/r8/internal/qj done
Event: 784.049 loading class com/android/tools/r8/internal/ej
Event: 784.049 loading class com/android/tools/r8/internal/ej done
Event: 784.050 loading class com/android/tools/r8/internal/nj$a
Event: 784.050 loading class com/android/tools/r8/internal/nj$a done
Event: 784.052 loading class com/android/tools/r8/internal/nj
Event: 784.052 loading class com/android/tools/r8/internal/nj done
Event: 784.053 loading class com/android/tools/r8/internal/aE
Event: 784.053 loading class com/android/tools/r8/internal/aE done
Event: 784.111 loading class com/android/tools/r8/internal/Yo
Event: 784.111 loading class com/android/tools/r8/internal/Yo done
Event: 784.111 loading class com/android/tools/r8/internal/gE
Event: 784.111 loading class com/android/tools/r8/internal/gE done


Dynamic libraries:
0x00007ff69e5d0000 - 0x00007ff69e5da000 	C:\Program Files\Android\Android Studio\jre\bin\java.exe
0x00007ffc9ccc0000 - 0x00007ffc9ceb0000 	C:\WINDOWS\SYSTEM32\ntdll.dll
0x00007ffc9b570000 - 0x00007ffc9b622000 	C:\WINDOWS\System32\KERNEL32.DLL
0x00007ffc99f10000 - 0x00007ffc9a1b5000 	C:\WINDOWS\System32\KERNELBASE.dll
0x00007ffc9a380000 - 0x00007ffc9a47a000 	C:\WINDOWS\System32\ucrtbase.dll
0x00007ffc77450000 - 0x00007ffc77469000 	C:\Program Files\Android\Android Studio\jre\bin\jli.dll
0x00007ffc9b630000 - 0x00007ffc9b7c4000 	C:\WINDOWS\System32\USER32.dll
0x00007ffc9aca0000 - 0x00007ffc9acc1000 	C:\WINDOWS\System32\win32u.dll
0x00007ffc9cbd0000 - 0x00007ffc9cbf6000 	C:\WINDOWS\System32\GDI32.dll
0x00007ffc828f0000 - 0x00007ffc82b74000 	C:\WINDOWS\WinSxS\amd64_microsoft.windows.common-controls_6595b64144ccf1df_6.0.18362.1556_none_9e7e372fe45e41d5\COMCTL32.dll
0x00007ffc99c30000 - 0x00007ffc99dc8000 	C:\WINDOWS\System32\gdi32full.dll
0x00007ffc9c920000 - 0x00007ffc9c9be000 	C:\WINDOWS\System32\msvcrt.dll
0x00007ffc9a480000 - 0x00007ffc9a51e000 	C:\WINDOWS\System32\msvcp_win.dll
0x00007ffc9ada0000 - 0x00007ffc9b0d6000 	C:\WINDOWS\System32\combase.dll
0x00007ffc9b430000 - 0x00007ffc9b54f000 	C:\WINDOWS\System32\RPCRT4.dll
0x00007ffc99dd0000 - 0x00007ffc99e51000 	C:\WINDOWS\System32\bcryptPrimitives.dll
0x00007ffc76ad0000 - 0x00007ffc76ae7000 	C:\Program Files\Android\Android Studio\jre\bin\VCRUNTIME140.dll
0x00007ffc9ad70000 - 0x00007ffc9ad9e000 	C:\WINDOWS\System32\IMM32.DLL
0x00007ffc58be0000 - 0x00007ffc58c7d000 	C:\Program Files\Android\Android Studio\jre\bin\msvcp140.dll
0x00007ffc59100000 - 0x00007ffc59bcf000 	C:\Program Files\Android\Android Studio\jre\bin\server\jvm.dll
0x00007ffc9bbe0000 - 0x00007ffc9bc83000 	C:\WINDOWS\System32\ADVAPI32.dll
0x00007ffc9bb40000 - 0x00007ffc9bbd7000 	C:\WINDOWS\System32\sechost.dll
0x00007ffc9b410000 - 0x00007ffc9b418000 	C:\WINDOWS\System32\PSAPI.DLL
0x00007ffc76a20000 - 0x00007ffc76a29000 	C:\WINDOWS\SYSTEM32\WSOCK32.dll
0x00007ffc9b970000 - 0x00007ffc9b9df000 	C:\WINDOWS\System32\WS2_32.dll
0x00007ffc91580000 - 0x00007ffc9158a000 	C:\WINDOWS\SYSTEM32\VERSION.dll
0x00007ffc977d0000 - 0x00007ffc977f4000 	C:\WINDOWS\SYSTEM32\WINMM.dll
0x00007ffc977a0000 - 0x00007ffc977cd000 	C:\WINDOWS\SYSTEM32\winmmbase.dll
0x00007ffc9acf0000 - 0x00007ffc9ad3a000 	C:\WINDOWS\System32\cfgmgr32.dll
0x00007ffc99b80000 - 0x00007ffc99b91000 	C:\WINDOWS\System32\kernel.appcore.dll
0x00007ffc8a360000 - 0x00007ffc8a371000 	C:\Program Files\Android\Android Studio\jre\bin\verify.dll
0x00007ffc98530000 - 0x00007ffc98724000 	C:\WINDOWS\SYSTEM32\DBGHELP.DLL
0x00007ffc84f70000 - 0x00007ffc84f9a000 	C:\WINDOWS\SYSTEM32\dbgcore.DLL
0x00007ffc8a220000 - 0x00007ffc8a249000 	C:\Program Files\Android\Android Studio\jre\bin\java.dll
0x00007ffc8ae50000 - 0x00007ffc8ae5b000 	C:\Program Files\Android\Android Studio\jre\bin\jimage.dll
0x00007ffc8a200000 - 0x00007ffc8a218000 	C:\Program Files\Android\Android Studio\jre\bin\zip.dll
0x00007ffc9c100000 - 0x00007ffc9c7e7000 	C:\WINDOWS\System32\SHELL32.dll
0x00007ffc9b290000 - 0x00007ffc9b338000 	C:\WINDOWS\System32\shcore.dll
0x00007ffc9a520000 - 0x00007ffc9ac9b000 	C:\WINDOWS\System32\windows.storage.dll
0x00007ffc99c10000 - 0x00007ffc99c2e000 	C:\WINDOWS\System32\profapi.dll
0x00007ffc99bc0000 - 0x00007ffc99c0a000 	C:\WINDOWS\System32\powrprof.dll
0x00007ffc99b70000 - 0x00007ffc99b80000 	C:\WINDOWS\System32\UMPDC.dll
0x00007ffc9b910000 - 0x00007ffc9b962000 	C:\WINDOWS\System32\shlwapi.dll
0x00007ffc9acd0000 - 0x00007ffc9ace7000 	C:\WINDOWS\System32\cryptsp.dll
0x00007ffc8a160000 - 0x00007ffc8a17a000 	C:\Program Files\Android\Android Studio\jre\bin\net.dll
0x00007ffc8ba30000 - 0x00007ffc8bb2a000 	C:\WINDOWS\SYSTEM32\WINHTTP.dll
0x00007ffc993b0000 - 0x00007ffc99417000 	C:\WINDOWS\system32\mswsock.dll
0x00007ffc8a140000 - 0x00007ffc8a154000 	C:\Program Files\Android\Android Studio\jre\bin\nio.dll
0x00007ffc76950000 - 0x00007ffc76977000 	C:\Users\USER\.gradle\native\8bec1ad78214c89d9ad589b4d07fe93259594b29d510b10fafb7a158f7737e5d\windows-amd64\native-platform.dll
0x00007ffc58c80000 - 0x00007ffc58dbd000 	C:\Users\USER\.gradle\native\53dbd7edfb1c66fb8903c78663c9afc45aea4f116125fa6feffd364cf09443e8\windows-amd64\native-platform-file-events.dll
0x00007ffc8a340000 - 0x00007ffc8a34a000 	C:\Program Files\Android\Android Studio\jre\bin\management.dll
0x00007ffc8a1f0000 - 0x00007ffc8a1fc000 	C:\Program Files\Android\Android Studio\jre\bin\management_ext.dll
0x00007ffc98f30000 - 0x00007ffc98f63000 	C:\WINDOWS\system32\rsaenh.dll
0x00007ffc9ad40000 - 0x00007ffc9ad66000 	C:\WINDOWS\System32\bcrypt.dll
0x00007ffc99a90000 - 0x00007ffc99ab5000 	C:\WINDOWS\SYSTEM32\USERENV.dll
0x00007ffc99580000 - 0x00007ffc9958c000 	C:\WINDOWS\SYSTEM32\CRYPTBASE.dll
0x00007ffc990c0000 - 0x00007ffc990fa000 	C:\WINDOWS\SYSTEM32\IPHLPAPI.DLL
0x00007ffc9b420000 - 0x00007ffc9b428000 	C:\WINDOWS\System32\NSI.dll
0x00007ffc98460000 - 0x00007ffc98476000 	C:\WINDOWS\SYSTEM32\dhcpcsvc6.DLL
0x00007ffc98440000 - 0x00007ffc9845c000 	C:\WINDOWS\SYSTEM32\dhcpcsvc.DLL
0x00007ffc99110000 - 0x00007ffc991db000 	C:\WINDOWS\SYSTEM32\DNSAPI.dll
0x00007ffc978e0000 - 0x00007ffc9796f000 	C:\WINDOWS\system32\apphelp.dll
0x00007ffc8b010000 - 0x00007ffc8b02e000 	C:\Users\USER\AppData\Local\Temp\native-platform2809249019669861419dir\native-platform.dll
0x00007ffc8b000000 - 0x00007ffc8b008000 	C:\Program Files\Android\Android Studio\jre\bin\rmi.dll

dbghelp: loaded successfully - version: 4.0.5 - missing functions: none
symbol engine: initialized successfully - sym options: 0x614 - pdb path: .;C:\Program Files\Android\Android Studio\jre\bin;C:\WINDOWS\SYSTEM32;C:\WINDOWS\WinSxS\amd64_microsoft.windows.common-controls_6595b64144ccf1df_6.0.18362.1556_none_9e7e372fe45e41d5;C:\Program Files\Android\Android Studio\jre\bin\server;C:\Users\USER\.gradle\native\8bec1ad78214c89d9ad589b4d07fe93259594b29d510b10fafb7a158f7737e5d\windows-amd64;C:\Users\USER\.gradle\native\53dbd7edfb1c66fb8903c78663c9afc45aea4f116125fa6feffd364cf09443e8\windows-amd64;C:\Users\USER\AppData\Local\Temp\native-platform2809249019669861419dir

VM Arguments:
jvm_args: --add-opens=java.base/java.util=ALL-UNNAMED --add-opens=java.base/java.lang=ALL-UNNAMED --add-opens=java.base/java.lang.invoke=ALL-UNNAMED --add-opens=java.base/java.util=ALL-UNNAMED --add-opens=java.prefs/java.util.prefs=ALL-UNNAMED --add-opens=java.prefs/java.util.prefs=ALL-UNNAMED --add-opens=java.base/java.nio.charset=ALL-UNNAMED --add-opens=java.base/java.net=ALL-UNNAMED --add-opens=java.base/java.util.concurrent.atomic=ALL-UNNAMED -Xmx2048m -Dfile.encoding=UTF-8 -Duser.country=US -Duser.language=en -Duser.variant 
java_command: org.gradle.launcher.daemon.bootstrap.GradleDaemon 7.0.2
java_class_path (initial): C:\Users\USER\.gradle\wrapper\dists\gradle-7.0.2-bin\857tjihv64xamwrf0h14cai3r\gradle-7.0.2\lib\gradle-launcher-7.0.2.jar
Launcher Type: SUN_STANDARD

[Global flags]
     intx CICompilerCount                          = 2                                         {product} {ergonomic}
     uint ConcGCThreads                            = 1                                         {product} {ergonomic}
     uint G1ConcRefinementThreads                  = 2                                         {product} {ergonomic}
   size_t G1HeapRegionSize                         = 1048576                                   {product} {ergonomic}
    uintx GCDrainStackTargetSize                   = 64                                        {product} {ergonomic}
   size_t InitialHeapSize                          = 67108864                                  {product} {ergonomic}
   size_t MarkStackSize                            = 4194304                                   {product} {ergonomic}
   size_t MaxHeapSize                              = 2147483648                                {product} {command line}
   size_t MaxNewSize                               = 1287651328                                {product} {ergonomic}
   size_t MinHeapDeltaBytes                        = 1048576                                   {product} {ergonomic}
    uintx NonNMethodCodeHeapSize                   = 5825164                                {pd product} {ergonomic}
    uintx NonProfiledCodeHeapSize                  = 122916538                              {pd product} {ergonomic}
    uintx ProfiledCodeHeapSize                     = 122916538                              {pd product} {ergonomic}
    uintx ReservedCodeCacheSize                    = 251658240                              {pd product} {ergonomic}
     bool SegmentedCodeCache                       = true                                      {product} {ergonomic}
     bool UseCompressedClassPointers               = true                                 {lp64_product} {ergonomic}
     bool UseCompressedOops                        = true                                 {lp64_product} {ergonomic}
     bool UseG1GC                                  = true                                      {product} {ergonomic}
     bool UseLargePagesIndividualAllocation        = false                                  {pd product} {ergonomic}

Logging:
Log output configuration:
 #0: stdout all=warning uptime,level,tags
 #1: stderr all=off uptime,level,tags

Environment Variables:
PATH=C:\Program Files\Common Files\Oracle\Java\javapath;C:\Program Files (x86)\Common Files\Oracle\Java\javapath;C:\Program Files (x86)\Common Files\Intel\Shared Libraries\redist\intel64\compiler;C:\Program Files (x86)\NVIDIA Corporation\PhysX\Common;C:\WINDOWS\system32;C:\WINDOWS;C:\WINDOWS\System32\Wbem;C:\WINDOWS\System32\WindowsPowerShell\v1.0\;C:\WINDOWS\System32\OpenSSH\;C:\Users\USER\AppData\Local\Microsoft\WindowsApps;;C:\Users\USER\AppData\Local\Programs\Microsoft VS Code\bin
USERNAME=USER
OS=Windows_NT
PROCESSOR_IDENTIFIER=AMD64 Family 21 Model 112 Stepping 0, AuthenticAMD



---------------  S Y S T E M  ---------------

OS: Windows 10 , 64 bit Build 18362 (10.0.18362.1500)
OS uptime: 0 days 8:03 hours

CPU:total 2 (initial active 2) (2 cores per cpu, 1 threads per core) family 21 model 112 stepping 0 microcode 0x0, cmov, cx8, fxsr, mmx, sse, sse2, sse3, ssse3, sse4.1, sse4.2, popcnt, avx, avx2, aes, clmul, mmxext, 3dnowpref, lzcnt, sse4a, tsc, tscinvbit, tscinv, bmi1, bmi2, fma

Memory: 4k page, system-wide physical 3974M (209M free)
TotalPageFile size 9094M (AvailPageFile size 2M)
current process WorkingSet (physical memory assigned to process): 336M, peak: 336M
current process commit charge ("private bytes"): 425M, peak: 425M

vm_info: OpenJDK 64-Bit Server VM (11.0.10+0-b96-7249189) for windows-amd64 JRE (11.0.10+0-b96-7249189), built on Mar 31 2021 21:44:00 by "builder" with MS VC++ 14.0 (VS2015)

END.
